<?xml version="1.0" encoding="UTF-8"?>
<!-- Generated by org.testng.reporters.JUnitXMLReporter -->
<testsuite ignored="2" hostname="LAPTOP-QJPOCRT2" failures="0" tests="1" name="Default test" time="10.274" errors="0" timestamp="2024-07-25T16:31:38 AEST">
  <testcase classname="com.qa.testcases.LoginTest" name="ValidateTitle" time="0.023"/>
  <testcase classname="com.qa.testcases.LoginTest" name="ValidateLogo" time="0.0">
    <ignored/>
  </testcase> <!-- ValidateLogo -->
  <testcase classname="com.qa.testcases.LoginTest" name="Login" time="0.0">
    <ignored/>
  </testcase> <!-- Login -->
</testsuite> <!-- Default test -->
